[debug] [2023-10-03T11:02:22.087Z] ----------------------------------------------------------------------
[debug] [2023-10-03T11:02:22.096Z] Command:       /Users/pedropradita/.nvm/versions/node/v19.6.0/bin/node /Users/pedropradita/.nvm/versions/node/v19.6.0/bin/firebase init
[debug] [2023-10-03T11:02:22.096Z] CLI Version:   12.6.1
[debug] [2023-10-03T11:02:22.097Z] Platform:      darwin
[debug] [2023-10-03T11:02:22.097Z] Node Version:  v19.6.0
[debug] [2023-10-03T11:02:22.097Z] Time:          Tue Oct 03 2023 18:02:22 GMT+0700 (Western Indonesia Time)
[debug] [2023-10-03T11:02:22.097Z] ----------------------------------------------------------------------
[debug] 
[debug] [2023-10-03T11:02:22.102Z] > command requires scopes: ["email","openid","https://www.googleapis.com/auth/cloudplatformprojects.readonly","https://www.googleapis.com/auth/firebase","https://www.googleapis.com/auth/cloud-platform"]
[debug] [2023-10-03T11:02:22.103Z] > authorizing via signed-in user (pedro.pradita.s@gmail.com)
[info] 
     ######## #### ########  ######## ########     ###     ######  ########
     ##        ##  ##     ## ##       ##     ##  ##   ##  ##       ##
     ######    ##  ########  ######   ########  #########  ######  ######
     ##        ##  ##    ##  ##       ##     ## ##     ##       ## ##
     ##       #### ##     ## ######## ########  ##     ##  ######  ########

You're about to initialize a Firebase project in this directory:

  /Users/pedropradita/PycharmProjects/aha

[info] 
=== Project Setup
[info] 
[info] First, let's associate this project directory with a Firebase project.
[info] You can create multiple project aliases by running firebase use --add, 
[info] but for now we'll just set up a default project.
[info] 
[debug] [2023-10-03T11:02:40.777Z] >>> [apiv2][query] GET https://firebase.googleapis.com/v1beta1/projects pageSize=100
[debug] [2023-10-03T11:02:41.570Z] <<< [apiv2][status] GET https://firebase.googleapis.com/v1beta1/projects 200
[debug] [2023-10-03T11:02:41.570Z] <<< [apiv2][body] GET https://firebase.googleapis.com/v1beta1/projects [omitted]
[info] i  Using project pedro-aha-sdet-test (pedro-aha-sdet-test) 
[info] 
=== Database Setup
[info] i  database: ensuring required API firebasedatabase.googleapis.com is enabled... 
[debug] [2023-10-03T11:02:45.892Z] >>> [apiv2][query] GET https://serviceusage.googleapis.com/v1/projects/pedro-aha-sdet-test/services/firebasedatabase.googleapis.com [none]
[debug] [2023-10-03T11:02:45.892Z] >>> [apiv2][(partial)header] GET https://serviceusage.googleapis.com/v1/projects/pedro-aha-sdet-test/services/firebasedatabase.googleapis.com x-goog-quota-user=projects/pedro-aha-sdet-test
[debug] [2023-10-03T11:02:47.396Z] <<< [apiv2][status] GET https://serviceusage.googleapis.com/v1/projects/pedro-aha-sdet-test/services/firebasedatabase.googleapis.com 200
[debug] [2023-10-03T11:02:47.396Z] <<< [apiv2][body] GET https://serviceusage.googleapis.com/v1/projects/pedro-aha-sdet-test/services/firebasedatabase.googleapis.com [omitted]
[info] ✔  database: required API firebasedatabase.googleapis.com is enabled 
[info] 
[debug] [2023-10-03T11:02:47.398Z] >>> [apiv2][query] GET https://firebasedatabase.googleapis.com/v1beta/projects/pedro-aha-sdet-test/locations/-/instances/pedro-aha-sdet-test-default-rtdb [none]
[debug] [2023-10-03T11:02:48.795Z] <<< [apiv2][status] GET https://firebasedatabase.googleapis.com/v1beta/projects/pedro-aha-sdet-test/locations/-/instances/pedro-aha-sdet-test-default-rtdb 200
[debug] [2023-10-03T11:02:48.795Z] <<< [apiv2][body] GET https://firebasedatabase.googleapis.com/v1beta/projects/pedro-aha-sdet-test/locations/-/instances/pedro-aha-sdet-test-default-rtdb {"name":"projects/1006290067607/locations/us-central1/instances/pedro-aha-sdet-test-default-rtdb","project":"projects/1006290067607","databaseUrl":"https://pedro-aha-sdet-test-default-rtdb.firebaseio.com","type":"DEFAULT_DATABASE","state":"ACTIVE"}
[info] 
[info] Firebase Realtime Database Security Rules allow you to define how your data should be
[info] structured and when your data can be read from and written to.
[info] 
[debug] [2023-10-03T11:02:54.147Z] >>> [apiv2][query] GET https://pedro-aha-sdet-test-default-rtdb.firebaseio.com/.settings/rules.json [none]
[debug] [2023-10-03T11:02:54.673Z] <<< [apiv2][status] GET https://pedro-aha-sdet-test-default-rtdb.firebaseio.com/.settings/rules.json 200
[debug] [2023-10-03T11:02:54.673Z] <<< [apiv2][body] GET https://pedro-aha-sdet-test-default-rtdb.firebaseio.com/.settings/rules.json [stream]
[info] ✔  Database Rules for pedro-aha-sdet-test-default-rtdb have been written to database.rules.json. 
[info] Future modifications to database.rules.json will update Realtime Database Security Rules when you run
[info] firebase deploy.
[info] 
=== Firestore Setup
[debug] [2023-10-03T11:02:54.676Z] >>> [apiv2][query] GET https://serviceusage.googleapis.com/v1/projects/pedro-aha-sdet-test/services/firestore.googleapis.com [none]
[debug] [2023-10-03T11:02:54.676Z] >>> [apiv2][(partial)header] GET https://serviceusage.googleapis.com/v1/projects/pedro-aha-sdet-test/services/firestore.googleapis.com x-goog-quota-user=projects/pedro-aha-sdet-test
[debug] [2023-10-03T11:02:56.081Z] <<< [apiv2][status] GET https://serviceusage.googleapis.com/v1/projects/pedro-aha-sdet-test/services/firestore.googleapis.com 200
[debug] [2023-10-03T11:02:56.081Z] <<< [apiv2][body] GET https://serviceusage.googleapis.com/v1/projects/pedro-aha-sdet-test/services/firestore.googleapis.com [omitted]
[debug] [2023-10-03T11:02:56.082Z] >>> [apiv2][query] GET https://firestore.googleapis.com/v1/projects/pedro-aha-sdet-test/databases/(default) [none]
[debug] [2023-10-03T11:02:57.572Z] <<< [apiv2][status] GET https://firestore.googleapis.com/v1/projects/pedro-aha-sdet-test/databases/(default) 200
[debug] [2023-10-03T11:02:57.572Z] <<< [apiv2][body] GET https://firestore.googleapis.com/v1/projects/pedro-aha-sdet-test/databases/(default) {"name":"projects/pedro-aha-sdet-test/databases/(default)","uid":"54856b88-cf68-4c54-aece-aba064bb9a82","createTime":"2023-10-03T10:57:11.752732Z","updateTime":"2023-10-03T10:57:11.752732Z","locationId":"nam5","type":"FIRESTORE_NATIVE","concurrencyMode":"PESSIMISTIC","versionRetentionPeriod":"3600s","earliestVersionTime":"2023-10-03T10:57:11.752732Z","appEngineIntegrationMode":"DISABLED","keyPrefix":"s","pointInTimeRecoveryEnablement":"POINT_IN_TIME_RECOVERY_DISABLED","deleteProtectionState":"DELETE_PROTECTION_DISABLED","etag":"IJKL2Krd2YEDMJzY6IXc2YED"}
[debug] [2023-10-03T11:02:57.572Z] database_type: FIRESTORE_NATIVE
[debug] [2023-10-03T11:02:57.573Z] > command requires scopes: ["email","openid","https://www.googleapis.com/auth/cloudplatformprojects.readonly","https://www.googleapis.com/auth/firebase","https://www.googleapis.com/auth/cloud-platform"]
[debug] [2023-10-03T11:02:57.574Z] > authorizing via signed-in user (pedro.pradita.s@gmail.com)
[debug] [2023-10-03T11:02:57.574Z] [iam] checking project pedro-aha-sdet-test for permissions ["firebase.projects.get"]
[debug] [2023-10-03T11:02:57.576Z] >>> [apiv2][query] POST https://cloudresourcemanager.googleapis.com/v1/projects/pedro-aha-sdet-test:testIamPermissions [none]
[debug] [2023-10-03T11:02:57.576Z] >>> [apiv2][(partial)header] POST https://cloudresourcemanager.googleapis.com/v1/projects/pedro-aha-sdet-test:testIamPermissions x-goog-quota-user=projects/pedro-aha-sdet-test
[debug] [2023-10-03T11:02:57.576Z] >>> [apiv2][body] POST https://cloudresourcemanager.googleapis.com/v1/projects/pedro-aha-sdet-test:testIamPermissions {"permissions":["firebase.projects.get"]}
[debug] [2023-10-03T11:02:58.746Z] <<< [apiv2][status] POST https://cloudresourcemanager.googleapis.com/v1/projects/pedro-aha-sdet-test:testIamPermissions 200
[debug] [2023-10-03T11:02:58.746Z] <<< [apiv2][body] POST https://cloudresourcemanager.googleapis.com/v1/projects/pedro-aha-sdet-test:testIamPermissions {"permissions":["firebase.projects.get"]}
[info] 
[info] Firestore Security Rules allow you to define how and when to allow
[info] requests. You can keep these rules in your project directory
[info] and publish them with firebase deploy.
[info] 
[debug] [2023-10-03T11:03:00.338Z] >>> [apiv2][query] GET https://firebaserules.googleapis.com/v1/projects/pedro-aha-sdet-test/releases pageSize=10&pageToken=
[debug] [2023-10-03T11:03:01.733Z] <<< [apiv2][status] GET https://firebaserules.googleapis.com/v1/projects/pedro-aha-sdet-test/releases 200
[debug] [2023-10-03T11:03:01.733Z] <<< [apiv2][body] GET https://firebaserules.googleapis.com/v1/projects/pedro-aha-sdet-test/releases {"releases":[{"name":"projects/pedro-aha-sdet-test/releases/cloud.firestore","rulesetName":"projects/pedro-aha-sdet-test/rulesets/9c351caa-badc-4217-a15f-7544d64d1667","createTime":"2023-10-03T10:57:18.011083Z","updateTime":"2023-10-03T10:57:18.011083Z"}]}
[debug] [2023-10-03T11:03:01.734Z] Found ruleset: projects/pedro-aha-sdet-test/rulesets/9c351caa-badc-4217-a15f-7544d64d1667
[debug] [2023-10-03T11:03:01.734Z] >>> [apiv2][query] GET https://firebaserules.googleapis.com/v1/projects/pedro-aha-sdet-test/rulesets/9c351caa-badc-4217-a15f-7544d64d1667 [none]
[debug] [2023-10-03T11:03:03.028Z] <<< [apiv2][status] GET https://firebaserules.googleapis.com/v1/projects/pedro-aha-sdet-test/rulesets/9c351caa-badc-4217-a15f-7544d64d1667 200
[debug] [2023-10-03T11:03:03.028Z] <<< [apiv2][body] GET https://firebaserules.googleapis.com/v1/projects/pedro-aha-sdet-test/rulesets/9c351caa-badc-4217-a15f-7544d64d1667 [omitted]
[info] 
[info] Firestore indexes allow you to perform complex queries while
[info] maintaining performance that scales with the size of the result
[info] set. You can keep index definitions in your project directory
[info] and publish them with firebase deploy.
[info] 
[debug] [2023-10-03T11:03:05.733Z] >>> [apiv2][query] GET https://firestore.googleapis.com/v1/projects/pedro-aha-sdet-test/databases/(default)/collectionGroups/-/indexes [none]
[debug] [2023-10-03T11:03:05.737Z] >>> [apiv2][query] GET https://firestore.googleapis.com/v1/projects/pedro-aha-sdet-test/databases/(default)/collectionGroups/-/fields?filter=indexConfig.usesAncestorConfig=false OR ttlConfig:* [none]
[debug] [2023-10-03T11:03:07.185Z] <<< [apiv2][status] GET https://firestore.googleapis.com/v1/projects/pedro-aha-sdet-test/databases/(default)/collectionGroups/-/indexes 200
[debug] [2023-10-03T11:03:07.185Z] <<< [apiv2][body] GET https://firestore.googleapis.com/v1/projects/pedro-aha-sdet-test/databases/(default)/collectionGroups/-/indexes {}
[debug] [2023-10-03T11:03:07.864Z] <<< [apiv2][status] GET https://firestore.googleapis.com/v1/projects/pedro-aha-sdet-test/databases/(default)/collectionGroups/-/fields?filter=indexConfig.usesAncestorConfig=false OR ttlConfig:* 200
[debug] [2023-10-03T11:03:07.864Z] <<< [apiv2][body] GET https://firestore.googleapis.com/v1/projects/pedro-aha-sdet-test/databases/(default)/collectionGroups/-/fields?filter=indexConfig.usesAncestorConfig=false OR ttlConfig:* {"fields":[{"name":"projects/pedro-aha-sdet-test/databases/(default)/collectionGroups/__default__/fields/*","indexConfig":{"indexes":[{"queryScope":"COLLECTION","fields":[{"fieldPath":"*","order":"ASCENDING"}],"state":"READY"},{"queryScope":"COLLECTION","fields":[{"fieldPath":"*","order":"DESCENDING"}],"state":"READY"},{"queryScope":"COLLECTION","fields":[{"fieldPath":"*","arrayConfig":"CONTAINS"}],"state":"READY"}]}}]}
[info] 
=== Functions Setup
[debug] [2023-10-03T11:03:07.868Z] > command requires scopes: ["email","openid","https://www.googleapis.com/auth/cloudplatformprojects.readonly","https://www.googleapis.com/auth/firebase","https://www.googleapis.com/auth/cloud-platform"]
[debug] [2023-10-03T11:03:07.868Z] > authorizing via signed-in user (pedro.pradita.s@gmail.com)
[debug] [2023-10-03T11:03:07.868Z] [iam] checking project pedro-aha-sdet-test for permissions ["firebase.projects.get"]
[debug] [2023-10-03T11:03:07.869Z] >>> [apiv2][query] POST https://cloudresourcemanager.googleapis.com/v1/projects/pedro-aha-sdet-test:testIamPermissions [none]
[debug] [2023-10-03T11:03:07.869Z] >>> [apiv2][(partial)header] POST https://cloudresourcemanager.googleapis.com/v1/projects/pedro-aha-sdet-test:testIamPermissions x-goog-quota-user=projects/pedro-aha-sdet-test
[debug] [2023-10-03T11:03:07.870Z] >>> [apiv2][body] POST https://cloudresourcemanager.googleapis.com/v1/projects/pedro-aha-sdet-test:testIamPermissions {"permissions":["firebase.projects.get"]}
[debug] [2023-10-03T11:03:09.039Z] <<< [apiv2][status] POST https://cloudresourcemanager.googleapis.com/v1/projects/pedro-aha-sdet-test:testIamPermissions 200
[debug] [2023-10-03T11:03:09.040Z] <<< [apiv2][body] POST https://cloudresourcemanager.googleapis.com/v1/projects/pedro-aha-sdet-test:testIamPermissions {"permissions":["firebase.projects.get"]}
[debug] [2023-10-03T11:03:09.041Z] >>> [apiv2][query] GET https://serviceusage.googleapis.com/v1/projects/pedro-aha-sdet-test/services/cloudfunctions.googleapis.com [none]
[debug] [2023-10-03T11:03:09.041Z] >>> [apiv2][(partial)header] GET https://serviceusage.googleapis.com/v1/projects/pedro-aha-sdet-test/services/cloudfunctions.googleapis.com x-goog-quota-user=projects/pedro-aha-sdet-test
[debug] [2023-10-03T11:03:09.046Z] >>> [apiv2][query] GET https://serviceusage.googleapis.com/v1/projects/pedro-aha-sdet-test/services/runtimeconfig.googleapis.com [none]
[debug] [2023-10-03T11:03:09.046Z] >>> [apiv2][(partial)header] GET https://serviceusage.googleapis.com/v1/projects/pedro-aha-sdet-test/services/runtimeconfig.googleapis.com x-goog-quota-user=projects/pedro-aha-sdet-test
[debug] [2023-10-03T11:03:10.551Z] <<< [apiv2][status] GET https://serviceusage.googleapis.com/v1/projects/pedro-aha-sdet-test/services/runtimeconfig.googleapis.com 200
[debug] [2023-10-03T11:03:10.551Z] <<< [apiv2][body] GET https://serviceusage.googleapis.com/v1/projects/pedro-aha-sdet-test/services/runtimeconfig.googleapis.com [omitted]
[debug] [2023-10-03T11:03:10.554Z] <<< [apiv2][status] GET https://serviceusage.googleapis.com/v1/projects/pedro-aha-sdet-test/services/cloudfunctions.googleapis.com 200
[debug] [2023-10-03T11:03:10.554Z] <<< [apiv2][body] GET https://serviceusage.googleapis.com/v1/projects/pedro-aha-sdet-test/services/cloudfunctions.googleapis.com [omitted]
[debug] [2023-10-03T11:03:10.555Z] >>> [apiv2][query] POST https://serviceusage.googleapis.com/v1/projects/pedro-aha-sdet-test/services/cloudfunctions.googleapis.com:enable [none]
[debug] [2023-10-03T11:03:10.555Z] >>> [apiv2][(partial)header] POST https://serviceusage.googleapis.com/v1/projects/pedro-aha-sdet-test/services/cloudfunctions.googleapis.com:enable x-goog-quota-user=projects/pedro-aha-sdet-test
[debug] [2023-10-03T11:03:11.255Z] <<< [apiv2][status] POST https://serviceusage.googleapis.com/v1/projects/pedro-aha-sdet-test/services/cloudfunctions.googleapis.com:enable 200
[debug] [2023-10-03T11:03:11.255Z] <<< [apiv2][body] POST https://serviceusage.googleapis.com/v1/projects/pedro-aha-sdet-test/services/cloudfunctions.googleapis.com:enable [omitted]
[debug] [2023-10-03T11:03:21.260Z] >>> [apiv2][query] GET https://serviceusage.googleapis.com/v1/projects/pedro-aha-sdet-test/services/cloudfunctions.googleapis.com [none]
[debug] [2023-10-03T11:03:21.260Z] >>> [apiv2][(partial)header] GET https://serviceusage.googleapis.com/v1/projects/pedro-aha-sdet-test/services/cloudfunctions.googleapis.com x-goog-quota-user=projects/pedro-aha-sdet-test
[debug] [2023-10-03T11:03:22.730Z] <<< [apiv2][status] GET https://serviceusage.googleapis.com/v1/projects/pedro-aha-sdet-test/services/cloudfunctions.googleapis.com 200
[debug] [2023-10-03T11:03:22.730Z] <<< [apiv2][body] GET https://serviceusage.googleapis.com/v1/projects/pedro-aha-sdet-test/services/cloudfunctions.googleapis.com [omitted]
[info] Let's create a new codebase for your functions.
[info] A directory corresponding to the codebase will be created in your project
[info] with sample code pre-configured.

[info] See https://firebase.google.com/docs/functions/organize-functions for
[info] more information on organizing your functions using codebases.

[info] Functions can be deployed with firebase deploy.

[info] ✔  Wrote functions/package.json 
[info] ✔  Wrote functions/.eslintrc.js 
[info] ✔  Wrote functions/index.js 
[info] ✔  Wrote functions/.gitignore 
[info] 
=== Hosting Setup
[info] 
[info] Your public directory is the folder (relative to your project directory) that
[info] will contain Hosting assets to be uploaded with firebase deploy. If you
[info] have a build process for your assets, use your build's output directory.
[info] 
[debug] [2023-10-03T11:04:17.560Z] >>> [apiv2][query] GET https://www.gstatic.com/firebasejs/releases.json [none]
[debug] [2023-10-03T11:04:17.664Z] <<< [apiv2][status] GET https://www.gstatic.com/firebasejs/releases.json 200
[debug] [2023-10-03T11:04:17.664Z] <<< [apiv2][body] GET https://www.gstatic.com/firebasejs/releases.json {"current":{"version":"10.4.0","browserURL":"https://www.gstatic.com/firebasejs/10.4.0/firebase.js","packageURL":"https://www.gstatic.com/firebasejs/10.4.0/firebase.tgz"},"live":{"version":"10.4","browserURL":"https://www.gstatic.com/firebasejs/live/10.4/firebase.js","packageURL":"https://www.gstatic.com/firebasejs/live/10.4/firebase.tgz"},"components":{"analytics":"https://www.gstatic.com/firebasejs/10.4.0/firebase-analytics.js","app":"https://www.gstatic.com/firebasejs/10.4.0/firebase-app.js","app-check":"https://www.gstatic.com/firebasejs/10.4.0/firebase-app-check.js","auth":"https://www.gstatic.com/firebasejs/10.4.0/firebase-auth.js","auth/cordova":"https://www.gstatic.com/firebasejs/10.4.0/firebase-auth/cordova.js","functions":"https://www.gstatic.com/firebasejs/10.4.0/firebase-functions.js","firestore":"https://www.gstatic.com/firebasejs/10.4.0/firebase-firestore.js","firestore/lite":"https://www.gstatic.com/firebasejs/10.4.0/firebase-firestore/lite.js","installations":"https://www.gstatic.com/firebasejs/10.4.0/firebase-installations.js","storage":"https://www.gstatic.com/firebasejs/10.4.0/firebase-storage.js","performance":"https://www.gstatic.com/firebasejs/10.4.0/firebase-performance.js","remote-config":"https://www.gstatic.com/firebasejs/10.4.0/firebase-remote-config.js","messaging":"https://www.gstatic.com/firebasejs/10.4.0/firebase-messaging.js","messaging/sw":"https://www.gstatic.com/firebasejs/10.4.0/firebase-messaging/sw.js","database":"https://www.gstatic.com/firebasejs/10.4.0/firebase-database.js","firestore.memory":"https://www.gstatic.com/firebasejs/10.4.0/firebase-firestore.memory.js"}}
[info] ✔  Wrote public/index.html 
[info] 
[info] i  Didn't detect a .git folder. Assuming /Users/pedropradita/PycharmProjects/aha is the project root. 
[info] i  Authorizing with GitHub to upload your service account to a GitHub repository's secrets store. 
[info] 
[info] Visit this URL on this device to log in:
[info] https://github.com/login/oauth/authorize?client_id=89cf50f02ac6aaed3484&state=779950035&redirect_uri=http%3A%2F%2Flocalhost%3A9005&scope=read%3Auser%20repo%20public_repo
[info] 
[info] Waiting for authentication...
[debug] [2023-10-03T11:04:50.523Z] >>> [apiv2][query] POST https://github.com/login/oauth/access_token [none]
[debug] [2023-10-03T11:04:50.523Z] >>> [apiv2][body] POST https://github.com/login/oauth/access_token [stream]
[debug] [2023-10-03T11:04:50.923Z] <<< [apiv2][status] POST https://github.com/login/oauth/access_token 200
[debug] [2023-10-03T11:04:50.923Z] <<< [apiv2][body] POST https://github.com/login/oauth/access_token {"access_token":"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","token_type":"bearer","scope":"read:user,repo"}
[debug] [2023-10-03T11:04:50.937Z] >>> [apiv2][query] GET https://api.github.com/user [none]
[debug] [2023-10-03T11:04:51.378Z] <<< [apiv2][status] GET https://api.github.com/user 200
[debug] [2023-10-03T11:04:51.379Z] <<< [apiv2][body] GET https://api.github.com/user {"login":"pedropradita","id":47196106,"node_id":"MDQ6VXNlcjQ3MTk2MTA2","avatar_url":"https://avatars.githubusercontent.com/u/47196106?v=4","gravatar_id":"","url":"https://api.github.com/users/pedropradita","html_url":"https://github.com/pedropradita","followers_url":"https://api.github.com/users/pedropradita/followers","following_url":"https://api.github.com/users/pedropradita/following{/other_user}","gists_url":"https://api.github.com/users/pedropradita/gists{/gist_id}","starred_url":"https://api.github.com/users/pedropradita/starred{/owner}{/repo}","subscriptions_url":"https://api.github.com/users/pedropradita/subscriptions","organizations_url":"https://api.github.com/users/pedropradita/orgs","repos_url":"https://api.github.com/users/pedropradita/repos","events_url":"https://api.github.com/users/pedropradita/events{/privacy}","received_events_url":"https://api.github.com/users/pedropradita/received_events","type":"User","site_admin":false,"name":"Pedro Pradita","company":null,"blog":"https://www.linkedin.com/in/pedro-pradita/","location":null,"email":null,"hireable":true,"bio":"Quality Assurance Engineer . . . . . . . Sample Test Case\r\nhttps://docs.google.com/spreadsheets/d/145w4UgU6nT3DtN8yX1hEN7K1Df2hgDu1TsHoKhnq6Qo/edit?usp=sharing","twitter_username":null,"public_repos":11,"public_gists":0,"followers":5,"following":17,"created_at":"2019-01-30T22:30:38Z","updated_at":"2023-06-19T03:58:34Z","private_gists":0,"total_private_repos":12,"owned_private_repos":12,"disk_usage":20064,"collaborators":4,"two_factor_authentication":true,"plan":{"name":"free","space":976562499,"collaborators":0,"private_repos":10000}}
[info] 
[info] ✔  Success! Logged into GitHub as pedropradita 
[info] 
